Mar 25 14:36:47.444668 Warning: Interfaces must not have an IP address configured in the host OS!
Mar 25 14:36:47.444693 Warning: IP address fe80::a8c1:abff:feba:9e7 on interface eth1 is conflicting!
Mar 25 14:36:47.610235 Warning: IP address fe80::a8c1:abff:fe37:7bac on interface eth2 is conflicting!
Mar 25 14:36:47.688784 Total PPS of all streams: 20.00
Mar 25 14:36:48.688875 Resolve network interfaces
Mar 25 14:36:48.688966 All network interfaces resolved
Mar 25 14:36:48.906290 ALL SESSIONS ESTABLISHED
Mar 25 14:36:49.288876 ALL STREAM TRAFFIC FLOWS VERIFIED
Mar 25 14:47:35.027440 Received signal Interrupt (2), initiating teardown
Mar 25 14:47:35.033434 Teardown request (1)
Mar 25 14:47:38.977353 ALL SESSIONS TERMINATED
Mar 27 09:01:38.097123 Warning: Interfaces must not have an IP address configured in the host OS!
Mar 27 09:01:38.097150 Warning: IP address fe80::a8c1:abff:fe45:b3f6 on interface eth1 is conflicting!
Mar 27 09:01:38.128838 Warning: IP address fe80::a8c1:abff:feb1:ea96 on interface eth2 is conflicting!
Mar 27 09:01:38.147533 Total PPS of all streams: 200.00
Mar 27 09:01:39.147607 Resolve network interfaces
Mar 27 09:01:39.147649 All network interfaces resolved
Mar 27 09:01:44.251104 ALL SESSIONS ESTABLISHED
Mar 27 09:01:44.361895 ALL STREAM TRAFFIC FLOWS VERIFIED
Mar 27 09:01:46.994865 Received signal Interrupt (2), initiating teardown
Mar 27 09:01:46.994904 Teardown request (1)
Mar 27 09:01:49.544543 Received signal Interrupt (2), initiating teardown
Mar 27 09:01:49.544566 Teardown request (2)
Mar 27 09:01:49.992117 Received signal Interrupt (2), initiating teardown
Mar 27 09:01:49.992163 Teardown request (3)
Mar 27 09:01:50.148644 ALL SESSIONS TERMINATED
Apr 08 15:06:36.761643 Warning: Interfaces must not have an IP address configured in the host OS!
Apr 08 15:06:36.761668 Warning: IP address fe80::a8c1:abff:fe05:c97b on interface eth1 is conflicting!
Apr 08 15:06:36.799131 Warning: IP address fe80::a8c1:abff:fec6:9fe0 on interface eth2 is conflicting!
Apr 08 15:06:36.827760 Total PPS of all streams: 200.00
Apr 08 15:06:37.827785 Resolve network interfaces
Apr 08 15:06:37.827891 All network interfaces resolved
Apr 08 15:06:39.042112 ALL STREAM TRAFFIC FLOWS VERIFIED
Apr 08 15:06:39.187165 ALL SESSIONS ESTABLISHED
Apr 08 15:18:18.984009 Received signal Interrupt (2), initiating teardown
Apr 08 15:18:18.984151 Teardown request (1)
Apr 08 15:18:22.016659 Received signal Interrupt (2), initiating teardown
Apr 08 15:18:22.016785 Teardown request (2)
Apr 08 15:18:22.860052 ALL SESSIONS TERMINATED
Apr 08 15:42:29.198177 Warning: Interfaces must not have an IP address configured in the host OS!
Apr 08 15:42:29.198199 Warning: IP address fe80::a8c1:abff:fe05:c97b on interface eth1 is conflicting!
Apr 08 15:42:29.233002 Warning: IP address fe80::a8c1:abff:fec6:9fe0 on interface eth2 is conflicting!
Apr 08 15:42:29.264657 Total PPS of all streams: 200.00
Apr 08 15:42:30.264727 Resolve network interfaces
Apr 08 15:42:30.264841 All network interfaces resolved
Apr 08 15:42:31.479016 ALL STREAM TRAFFIC FLOWS VERIFIED
Apr 08 15:42:31.675388 ALL SESSIONS ESTABLISHED
Apr 08 16:05:28.813435 Received signal Interrupt (2), initiating teardown
Apr 08 16:05:28.813630 Teardown request (1)
Apr 08 16:05:32.326062 ALL SESSIONS TERMINATED
Apr 13 15:00:37.319817 Warning: Interfaces must not have an IP address configured in the host OS!
Apr 13 15:00:37.319843 Warning: IP address fe80::a8c1:abff:fe05:c97b on interface eth1 is conflicting!
Apr 13 15:00:37.352119 Warning: IP address fe80::a8c1:abff:fec6:9fe0 on interface eth2 is conflicting!
Apr 13 15:00:37.387719 Total PPS of all streams: 200.00
Apr 13 15:00:38.387795 Resolve network interfaces
Apr 13 15:00:38.387894 All network interfaces resolved
Apr 13 15:00:39.602086 ALL STREAM TRAFFIC FLOWS VERIFIED
Apr 13 15:00:39.831741 ALL SESSIONS ESTABLISHED
Apr 13 15:00:53.596672 Received signal Interrupt (2), initiating teardown
Apr 13 15:00:53.596778 Teardown request (1)
Apr 13 15:00:55.021621 Received signal Interrupt (2), initiating teardown
Apr 13 15:00:55.021732 Teardown request (2)
Apr 13 15:00:55.230519 Received signal Interrupt (2), initiating teardown
Apr 13 15:00:55.230647 Teardown request (3)
Apr 13 15:00:57.329834 Received signal Interrupt (2), initiating teardown
Apr 13 15:00:57.329923 Teardown request (4)
Apr 13 15:00:57.511317 Received signal Interrupt (2), initiating teardown
Apr 13 15:00:57.511380 Teardown request (5)
Apr 13 15:00:57.683686 Received signal Interrupt (2), initiating teardown
Apr 13 15:00:57.683754 Teardown request (6)
Apr 13 15:00:57.869295 Received signal Interrupt (2), initiating teardown
Apr 13 15:00:57.869356 Teardown request (7)
Apr 13 15:00:58.049835 Received signal Interrupt (2), initiating teardown
Apr 13 15:00:58.049895 Teardown request (8)
Apr 13 15:00:58.244866 Received signal Interrupt (2), initiating teardown
Apr 13 15:00:58.244939 Teardown request (9)
Apr 13 15:00:58.389493 ALL SESSIONS TERMINATED
Apr 13 15:04:27.738857 Warning: Interfaces must not have an IP address configured in the host OS!
Apr 13 15:04:27.738881 Warning: IP address fe80::a8c1:abff:fe05:c97b on interface eth1 is conflicting!
Apr 13 15:04:27.772951 Warning: IP address fe80::a8c1:abff:fec6:9fe0 on interface eth2 is conflicting!
Apr 13 15:04:27.805741 Total PPS of all streams: 200.00
Apr 13 15:04:28.805814 Resolve network interfaces
Apr 13 15:04:28.805911 All network interfaces resolved
Apr 13 15:04:30.020103 ALL STREAM TRAFFIC FLOWS VERIFIED
Apr 13 15:04:30.206164 ALL SESSIONS ESTABLISHED
Apr 13 15:14:40.503692 Received signal Interrupt (2), initiating teardown
Apr 13 15:14:40.503879 Teardown request (1)
Apr 13 15:14:43.619439 Received signal Interrupt (2), initiating teardown
Apr 13 15:14:43.619524 Teardown request (2)
Apr 13 15:14:43.833286 ALL SESSIONS TERMINATED
