Open5GS daemon v2.7.1

03/09 10:37:59.629: [app] INFO: Configuration: '/opt/open5gs/etc/open5gs/mme.yaml' (../lib/app/ogs-init.c:133)
03/09 10:37:59.629: [app] INFO: File Logging: '/opt/open5gs/var/log/open5gs/mme.log' (../lib/app/ogs-init.c:136)
03/09 10:37:59.635: [metrics] INFO: metrics_server() [http://10.30.1.2]:9090 (../lib/metrics/prometheus/context.c:299)
03/09 10:38:00.181: [gtp] INFO: gtp_server() [10.20.1.2]:2123 (../lib/gtp/path.c:30)
03/09 10:38:00.181: [gtp] INFO: gtp_connect() [1.1.1.1]:2123 (../lib/gtp/path.c:60)
03/09 10:38:00.181: [gtp] INFO: gtp_connect() [50.50.50.1]:2123 (../lib/gtp/path.c:60)
03/09 10:38:00.181: [mme] INFO: s1ap_server() [10.10.1.2]:36412 (../src/mme/s1ap-sctp.c:62)
03/09 10:38:00.189: [sctp] INFO: MME initialize...done (../src/mme/app-init.c:33)
03/09 10:38:08.260: [diam] ERROR: pid:PSM/hss.localdomain in md_hook_cb_tree@dbg_msg_dumps.c:116: DROPPED 'Internal error ('hss.localdomain'): unhandled message.'
 ((null):0)
03/09 10:38:08.260: [diam] ERROR: pid:PSM/hss.localdomain in md_hook_cb_tree@dbg_msg_dumps.c:117:      'Capabilities-Exchange-Answer'
 ((null):0)
03/09 10:38:08.260: [diam] ERROR: pid:PSM/hss.localdomain in md_hook_cb_tree@dbg_msg_dumps.c:117:        Version: 0x01
 ((null):0)
03/09 10:38:08.260: [diam] ERROR: pid:PSM/hss.localdomain in md_hook_cb_tree@dbg_msg_dumps.c:117:        Length: 340
 ((null):0)
03/09 10:38:08.260: [diam] ERROR: pid:PSM/hss.localdomain in md_hook_cb_tree@dbg_msg_dumps.c:117:        Flags: 0x00 (----)
 ((null):0)
03/09 10:38:08.260: [diam] ERROR: pid:PSM/hss.localdomain in md_hook_cb_tree@dbg_msg_dumps.c:117:        Command Code: 257
 ((null):0)
03/09 10:38:08.260: [diam] ERROR: pid:PSM/hss.localdomain in md_hook_cb_tree@dbg_msg_dumps.c:117:        ApplicationId: 0
 ((null):0)
03/09 10:38:08.260: [diam] ERROR: pid:PSM/hss.localdomain in md_hook_cb_tree@dbg_msg_dumps.c:117:        Hop-by-Hop Identifier: 0x0C1BCBF0
 ((null):0)
03/09 10:38:08.260: [diam] ERROR: pid:PSM/hss.localdomain in md_hook_cb_tree@dbg_msg_dumps.c:117:        End-to-End Identifier: 0xF87D94AB
 ((null):0)
03/09 10:38:08.260: [diam] ERROR: pid:PSM/hss.localdomain in md_hook_cb_tree@dbg_msg_dumps.c:117:         {internal data}: src:hss.localdomain(15) rwb:(nil) rt:2 cb:(nil),(nil)((nil)) qry:0x7fd750000cc0 asso:0 sess:(nil)
 ((null):0)
03/09 10:38:08.260: [diam] ERROR: pid:PSM/hss.localdomain in md_hook_cb_tree@dbg_msg_dumps.c:117:         AVP: 'Result-Code'(268) l=12 f=-M val='ELECTION_LOST' (4003 (0xfa3))
 ((null):0)
03/09 10:38:08.260: [diam] ERROR: pid:PSM/hss.localdomain in md_hook_cb_tree@dbg_msg_dumps.c:117:         AVP: 'Error-Message'(281) l=59 f=-- val="Please answer my CER instead, you won the election."
 ((null):0)
03/09 10:38:08.260: [diam] ERROR: pid:PSM/hss.localdomain in md_hook_cb_tree@dbg_msg_dumps.c:117:         AVP: 'Origin-Host'(264) l=23 f=-M val="hss.localdomain"
 ((null):0)
03/09 10:38:08.260: [diam] ERROR: pid:PSM/hss.localdomain in md_hook_cb_tree@dbg_msg_dumps.c:117:         AVP: 'Origin-Realm'(296) l=19 f=-M val="localdomain"
 ((null):0)
03/09 10:38:08.260: [diam] ERROR: pid:PSM/hss.localdomain in md_hook_cb_tree@dbg_msg_dumps.c:117:         AVP: 'Origin-State-Id'(278) l=12 f=-M val=1741516680 (0x67cd6f88)
 ((null):0)
03/09 10:38:08.260: [diam] ERROR: pid:PSM/hss.localdomain in md_hook_cb_tree@dbg_msg_dumps.c:117:         AVP: 'Host-IP-Address'(257) l=14 f=-M val=10.30.1.3
 ((null):0)
03/09 10:38:08.260: [diam] ERROR: pid:PSM/hss.localdomain in md_hook_cb_tree@dbg_msg_dumps.c:117:         AVP: 'Vendor-Id'(266) l=12 f=-M val=0 (0x0)
 ((null):0)
03/09 10:38:08.260: [diam] ERROR: pid:PSM/hss.localdomain in md_hook_cb_tree@dbg_msg_dumps.c:117:         AVP: 'Product-Name'(269) l=20 f=-- val="freediameter"
 ((null):0)
03/09 10:38:08.260: [diam] ERROR: pid:PSM/hss.localdomain in md_hook_cb_tree@dbg_msg_dumps.c:117:         AVP: 'Firmware-Revision'(267) l=12 f=-- val=10500 (0x2904)
 ((null):0)
03/09 10:38:08.260: [diam] ERROR: pid:PSM/hss.localdomain in md_hook_cb_tree@dbg_msg_dumps.c:117:         AVP: 'Vendor-Specific-Application-Id'(260) l=32 f=-M val=(grouped)
 ((null):0)
03/09 10:38:08.260: [diam] ERROR: pid:PSM/hss.localdomain in md_hook_cb_tree@dbg_msg_dumps.c:117:            AVP: 'Auth-Application-Id'(258) l=12 f=-M val=16777216 (0x1000000)
 ((null):0)
03/09 10:38:08.260: [diam] ERROR: pid:PSM/hss.localdomain in md_hook_cb_tree@dbg_msg_dumps.c:117:            AVP: 'Vendor-Id'(266) l=12 f=-M val=10415 (0x28af)
 ((null):0)
03/09 10:38:08.260: [diam] ERROR: pid:PSM/hss.localdomain in md_hook_cb_tree@dbg_msg_dumps.c:117:         AVP: 'Vendor-Specific-Application-Id'(260) l=32 f=-M val=(grouped)
 ((null):0)
03/09 10:38:08.260: [diam] ERROR: pid:PSM/hss.localdomain in md_hook_cb_tree@dbg_msg_dumps.c:117:            AVP: 'Auth-Application-Id'(258) l=12 f=-M val=16777251 (0x1000023)
 ((null):0)
03/09 10:38:08.260: [diam] ERROR: pid:PSM/hss.localdomain in md_hook_cb_tree@dbg_msg_dumps.c:117:            AVP: 'Vendor-Id'(266) l=12 f=-M val=10415 (0x28af)
 ((null):0)
03/09 10:38:08.260: [diam] ERROR: pid:PSM/hss.localdomain in md_hook_cb_tree@dbg_msg_dumps.c:117:         AVP: 'Vendor-Specific-Application-Id'(260) l=32 f=-M val=(grouped)
 ((null):0)
03/09 10:38:08.260: [diam] ERROR: pid:PSM/hss.localdomain in md_hook_cb_tree@dbg_msg_dumps.c:117:            AVP: 'Auth-Application-Id'(258) l=12 f=-M val=16777265 (0x1000031)
 ((null):0)
03/09 10:38:08.260: [diam] ERROR: pid:PSM/hss.localdomain in md_hook_cb_tree@dbg_msg_dumps.c:117:            AVP: 'Vendor-Id'(266) l=12 f=-M val=10415 (0x28af)
 ((null):0)
03/09 10:38:08.260: [diam] ERROR: pid:PSM/hss.localdomain in md_hook_cb_tree@dbg_msg_dumps.c:117:         AVP: 'Supported-Vendor-Id'(265) l=12 f=-M val=5535 (0x159f)
 ((null):0)
03/09 10:38:08.260: [diam] ERROR: pid:PSM/hss.localdomain in md_hook_cb_tree@dbg_msg_dumps.c:117:         AVP: 'Supported-Vendor-Id'(265) l=12 f=-M val=10415 (0x28af)
 ((null):0)
03/09 10:38:08.260: [diam] ERROR: pid:PSM/hss.localdomain in md_hook_cb_tree@dbg_msg_dumps.c:117:         AVP: 'Supported-Vendor-Id'(265) l=12 f=-M val=13019 (0x32db)
 ((null):0)
03/09 10:38:08.266: [diam] INFO: CONNECTED TO 'hss.localdomain' (SCTP,soc#13): (../lib/diameter/common/logger.c:108)
03/09 10:38:16.488: [mme] INFO: eNB-S1 accepted[10.10.1.11]:38246 in s1_path module (../src/mme/s1ap-sctp.c:114)
03/09 10:38:16.488: [mme] INFO: eNB-S1 accepted[10.10.1.11] in master_sm module (../src/mme/mme-sm.c:108)
03/09 10:38:16.488: [mme] INFO: [Added] Number of eNBs is now 1 (../src/mme/mme-context.c:2829)
03/09 10:38:16.488: [mme] INFO: eNB-S1[10.10.1.11] max_num_of_ostreams : 30 (../src/mme/mme-sm.c:150)
03/09 10:38:16.520: [mme] INFO: eNB-S1[10.10.1.11] connection refused!!! (../src/mme/mme-sm.c:166)
03/09 10:38:16.520: [mme] INFO: [Removed] Number of eNBs is now 0 (../src/mme/mme-context.c:2863)
03/09 10:38:52.848: [mme] INFO: eNB-S1 accepted[10.10.1.11]:38809 in s1_path module (../src/mme/s1ap-sctp.c:114)
03/09 10:38:52.848: [mme] INFO: eNB-S1 accepted[10.10.1.11] in master_sm module (../src/mme/mme-sm.c:108)
03/09 10:38:52.848: [mme] INFO: [Added] Number of eNBs is now 1 (../src/mme/mme-context.c:2829)
03/09 10:38:52.848: [mme] INFO: eNB-S1[10.10.1.11] max_num_of_ostreams : 30 (../src/mme/mme-sm.c:150)
03/09 10:39:47.255: [mme] INFO: InitialUEMessage (../src/mme/s1ap-handler.c:406)
03/09 10:39:47.256: [mme] INFO: [Added] Number of eNB-UEs is now 1 (../src/mme/mme-context.c:4739)
03/09 10:39:47.256: [mme] INFO:     ENB_UE_S1AP_ID[1] MME_UE_S1AP_ID[1] TAC[1] CellID[0x101] (../src/mme/s1ap-handler.c:585)
03/09 10:39:47.256: [mme] INFO: [206010000000003] Unknown UE by IMSI (../src/mme/mme-context.c:3567)
03/09 10:39:47.256: [mme] INFO: [Added] Number of MME-UEs is now 1 (../src/mme/mme-context.c:3379)
03/09 10:39:47.256: [emm] INFO: [] Attach request (../src/mme/emm-sm.c:433)
03/09 10:39:47.256: [emm] INFO:     IMSI[206010000000003] (../src/mme/emm-handler.c:225)
03/09 10:39:47.300: [mme] INFO:     Experimental Result Code: 5001 (../src/mme/mme-fd-path.c:953)
03/09 10:39:47.301: [mme] WARNING: Authentication Information failed [5001] (../src/mme/mme-s6a-handler.c:54)
03/09 10:39:47.301: [mme] INFO: [206010000000003] Attach reject [OGS_NAS_EMM_CAUSE:11] (../src/mme/mme-sm.c:580)
03/09 10:39:47.312: [mme] INFO: UE Context Release [Action:3] (../src/mme/s1ap-handler.c:1847)
03/09 10:39:47.312: [mme] INFO:     ENB_UE_S1AP_ID[1] MME_UE_S1AP_ID[1] (../src/mme/s1ap-handler.c:1848)
03/09 10:39:47.312: [mme] INFO:     IMSI[206010000000003] (../src/mme/s1ap-handler.c:1853)
03/09 10:39:47.312: [mme] INFO: [Removed] Number of eNB-UEs is now 0 (../src/mme/mme-context.c:4746)
03/09 10:39:47.312: [mme] INFO: [Removed] Number of MME-UEs is now 0 (../src/mme/mme-context.c:3448)
